e:\users\riley\documents\github\gameolife\gameolife\x64\debug\vc143.pdb
e:\users\riley\documents\github\gameolife\gameolife\x64\debug\vc143.idb
e:\users\riley\documents\github\gameolife\gameolife\x64\debug\grid.obj
e:\users\riley\documents\github\gameolife\gameolife\x64\debug\gameolife.obj
e:\users\riley\documents\github\gameolife\gameolife\x64\debug\game.obj
e:\users\riley\documents\github\gameolife\gameolife\x64\debug\colors.obj
e:\users\riley\documents\github\gameolife\x64\debug\raylib.dll
e:\users\riley\documents\github\gameolife\gameolife\x64\debug\gameolife.ilk
e:\users\riley\documents\github\gameolife\x64\debug\gameolife.exe
e:\users\riley\documents\github\gameolife\x64\debug\gameolife.pdb
e:\users\riley\documents\github\gameolife\gameolife\x64\debug\colors.nativecodeanalysis.xml
e:\users\riley\documents\github\gameolife\gameolife\x64\debug\game.nativecodeanalysis.xml
e:\users\riley\documents\github\gameolife\gameolife\x64\debug\grid.nativecodeanalysis.xml
e:\users\riley\documents\github\gameolife\gameolife\x64\debug\gameolife.tlog\cl.command.1.tlog
e:\users\riley\documents\github\gameolife\gameolife\x64\debug\gameolife.tlog\cl.items.tlog
e:\users\riley\documents\github\gameolife\gameolife\x64\debug\gameolife.tlog\cl.read.1.tlog
e:\users\riley\documents\github\gameolife\gameolife\x64\debug\gameolife.tlog\cl.write.1.tlog
e:\users\riley\documents\github\gameolife\gameolife\x64\debug\gameolife.tlog\gameolife.write.1u.tlog
e:\users\riley\documents\github\gameolife\gameolife\x64\debug\gameolife.tlog\link.command.1.tlog
e:\users\riley\documents\github\gameolife\gameolife\x64\debug\gameolife.tlog\link.read.1.tlog
e:\users\riley\documents\github\gameolife\gameolife\x64\debug\gameolife.tlog\link.write.1.tlog
